<?xml version="1.0" encoding="UTF-8"?>
<!-- Generated by org.testng.reporters.JUnitXMLReporter -->
<testsuite hostname="SDS-V-PAVAN-MAC.local" ignored="0" name="SwagLabTests" tests="1" failures="0" timestamp="2021-06-28T23:54:34 IST" time="0.274" errors="0">
  <testcase name="@BeforeClass swagTestsSetup" time="0.198" classname="com.test.swag.Tests.SwagTests">
    <failure type="java.lang.IllegalArgumentException" message="Can not set io.appium.java_client.MobileElement field com.test.swag.Pages.LoginScreen.userNameTextField to org.openqa.selenium.remote.RemoteWebElement$$EnhancerByCGLIB$$d27c0df4">
      <![CDATA[java.lang.IllegalArgumentException: Can not set io.appium.java_client.MobileElement field com.test.swag.Pages.LoginScreen.userNameTextField to org.openqa.selenium.remote.RemoteWebElement$$EnhancerByCGLIB$$d27c0df4
at org.openqa.selenium.support.PageFactory.proxyFields(PageFactory.java:114)
at org.openqa.selenium.support.PageFactory.initElements(PageFactory.java:102)
at com.test.swag.Pages.LoginScreen.<init>(LoginScreen.java:45)
at com.test.swag.Tests.SwagTests.swagTestsSetup(SwagTests.java:28)
at java.util.ArrayList.forEach(ArrayList.java:1257)
... Removed 29 stack frames]]>
    </failure>
  </testcase> <!-- @BeforeClass swagTestsSetup -->
  <testcase name="@AfterClass tearDown" time="-1.624904674889E9" classname="com.test.swag.driver.BaseSetup">
    <skipped/>
  </testcase> <!-- @AfterClass tearDown -->
  <testcase name="loginTest" time="0.008" classname="com.test.swag.Tests.SwagTests">
    <skipped/>
  </testcase> <!-- loginTest -->
</testsuite> <!-- SwagLabTests -->
